-------------------------------------------------------------------------------
Test set: org.openquantumsafe.SigTest
-------------------------------------------------------------------------------
Tests run: 1, Failures: 0, Errors: 1, Skipped: 0, Time elapsed: 0.002 s <<< FAILURE! - in org.openquantumsafe.SigTest
org.openquantumsafe.SigTest  Time elapsed: 0.002 s  <<< ERROR!
java.lang.UnsatisfiedLinkError: /tmp/oqs-native-lib4075135974757921489/liboqs-jni.so: liboqs.so.0: cannot open shared object file: No such file or directory
	at org.openquantumsafe.SigTest.init(SigTest.java:24)

