-------------------------------------------------------------------------------
Test set: org.openquantumsafe.KEMTest
-------------------------------------------------------------------------------
Tests run: 1, Failures: 0, Errors: 1, Skipped: 0, Time elapsed: 0.043 s <<< FAILURE! - in org.openquantumsafe.KEMTest
org.openquantumsafe.KEMTest  Time elapsed: 0.042 s  <<< ERROR!
java.lang.UnsatisfiedLinkError: /tmp/oqs-native-lib5704264129796627410/liboqs-jni.so: liboqs.so.0: cannot open shared object file: No such file or directory
	at org.openquantumsafe.KEMTest.init(KEMTest.java:23)

