<?xml version="1.0" encoding="UTF-8"?>
<testsuite xmlns:xsi="http://www.w3.org/2001/XMLSchema-instance" xsi:noNamespaceSchemaLocation="https://maven.apache.org/surefire/maven-surefire-plugin/xsd/surefire-test-report.xsd" name="org.openquantumsafe.KEMTest" time="6.032" tests="61" errors="0" skipped="0" failures="0">
  <properties>
[...]
</properties>
  <testcase name="testUnsupportedKEMExpectedException" classname="org.openquantumsafe.KEMTest" time="0"/>
  <testcase name="testAllKEMs{String}[2]" classname="org.openquantumsafe.KEMTest" time="0.003"/>
  <testcase name="testAllKEMs{String}[3]" classname="org.openquantumsafe.KEMTest" time="0.136"/>
  <testcase name="testAllKEMs{String}[4]" classname="org.openquantumsafe.KEMTest" time="0.12"/>
  <testcase name="testAllKEMs{String}[5]" classname="org.openquantumsafe.KEMTest" time="0.359"/>
  <testcase name="testAllKEMs{String}[6]" classname="org.openquantumsafe.KEMTest" time="0.318"/>
  <testcase name="testAllKEMs{String}[7]" classname="org.openquantumsafe.KEMTest" time="1.095"/>
  <testcase name="testAllKEMs{String}[8]" classname="org.openquantumsafe.KEMTest" time="0.359"/>
  <testcase name="testAllKEMs{String}[9]" classname="org.openquantumsafe.KEMTest" time="0.376"/>
  <testcase name="testAllKEMs{String}[10]" classname="org.openquantumsafe.KEMTest" time="0.353"/>
  <testcase name="testAllKEMs{String}[11]" classname="org.openquantumsafe.KEMTest" time="0.555"/>
  <testcase name="testAllKEMs{String}[12]" classname="org.openquantumsafe.KEMTest" time="0.395"/>
  <testcase name="testAllKEMs{String}[13]" classname="org.openquantumsafe.KEMTest" time="0.001"/>
  <testcase name="testAllKEMs{String}[14]" classname="org.openquantumsafe.KEMTest" time="0.003"/>
  <testcase name="testAllKEMs{String}[15]" classname="org.openquantumsafe.KEMTest" time="0.015"/>
  <testcase name="testAllKEMs{String}[16]" classname="org.openquantumsafe.KEMTest" time="0.001"/>
  <testcase name="testAllKEMs{String}[17]" classname="org.openquantumsafe.KEMTest" time="0.001"/>
  <testcase name="testAllKEMs{String}[18]" classname="org.openquantumsafe.KEMTest" time="0.002"/>
  <testcase name="testAllKEMs{String}[19]" classname="org.openquantumsafe.KEMTest" time="0.005"/>
  <testcase name="testAllKEMs{String}[20]" classname="org.openquantumsafe.KEMTest" time="0.009"/>
  <testcase name="testAllKEMs{String}[21]" classname="org.openquantumsafe.KEMTest" time="0.008"/>
  <testcase name="testAllKEMs{String}[22]" classname="org.openquantumsafe.KEMTest" time="0.003"/>
  <testcase name="testAllKEMs{String}[23]" classname="org.openquantumsafe.KEMTest" time="0.006"/>
  <testcase name="testAllKEMs{String}[24]" classname="org.openquantumsafe.KEMTest" time="0.01"/>
  <testcase name="testAllKEMs{String}[25]" classname="org.openquantumsafe.KEMTest" time="0.013"/>
  <testcase name="testAllKEMs{String}[26]" classname="org.openquantumsafe.KEMTest" time="0.008"/>
  <testcase name="testAllKEMs{String}[27]" classname="org.openquantumsafe.KEMTest" time="0.014"/>
  <testcase name="testAllKEMs{String}[28]" classname="org.openquantumsafe.KEMTest" time="0.005"/>
  <testcase name="testAllKEMs{String}[29]" classname="org.openquantumsafe.KEMTest" time="0.009"/>
  <testcase name="testAllKEMs{String}[30]" classname="org.openquantumsafe.KEMTest" time="0.008"/>
  <testcase name="testAllKEMs{String}[31]" classname="org.openquantumsafe.KEMTest" time="0.006"/>
  <testcase name="testAllKEMs{String}[32]" classname="org.openquantumsafe.KEMTest" time="0.004"/>
  <testcase name="testAllKEMs{String}[33]" classname="org.openquantumsafe.KEMTest" time="0.002"/>
  <testcase name="testAllKEMs{String}[34]" classname="org.openquantumsafe.KEMTest" time="0.005"/>
  <testcase name="testAllKEMs{String}[35]" classname="org.openquantumsafe.KEMTest" time="0.005"/>
  <testcase name="testAllKEMs{String}[36]" classname="org.openquantumsafe.KEMTest" time="0.001"/>
  <testcase name="testAllKEMs{String}[37]" classname="org.openquantumsafe.KEMTest" time="0.005"/>
  <testcase name="testAllKEMs{String}[38]" classname="org.openquantumsafe.KEMTest" time="0.004"/>
  <testcase name="testAllKEMs{String}[39]" classname="org.openquantumsafe.KEMTest" time="0.005"/>
  <testcase name="testAllKEMs{String}[40]" classname="org.openquantumsafe.KEMTest" time="0.025"/>
  <testcase name="testAllKEMs{String}[41]" classname="org.openquantumsafe.KEMTest" time="0.012"/>
  <testcase name="testAllKEMs{String}[42]" classname="org.openquantumsafe.KEMTest" time="0.027"/>
  <testcase name="testAllKEMs{String}[43]" classname="org.openquantumsafe.KEMTest" time="0.025"/>
  <testcase name="testAllKEMs{String}[44]" classname="org.openquantumsafe.KEMTest" time="0.047"/>
  <testcase name="testAllKEMs{String}[45]" classname="org.openquantumsafe.KEMTest" time="0.083"/>
  <testcase name="testAllKEMs{String}[46]" classname="org.openquantumsafe.KEMTest" time="0.039"/>
  <testcase name="testAllKEMs{String}[47]" classname="org.openquantumsafe.KEMTest" time="0.252"/>
  <testcase name="testAllKEMs{String}[48]" classname="org.openquantumsafe.KEMTest" time="0.074"/>
  <testcase name="testAllKEMs{String}[49]" classname="org.openquantumsafe.KEMTest" time="0.105"/>
  <testcase name="testAllKEMs{String}[50]" classname="org.openquantumsafe.KEMTest" time="0.048"/>
  <testcase name="testAllKEMs{String}[51]" classname="org.openquantumsafe.KEMTest" time="0.224"/>
  <testcase name="testAllKEMs{String}[52]" classname="org.openquantumsafe.KEMTest" time="0.078"/>
  <testcase name="testAllKEMs{String}[53]" classname="org.openquantumsafe.KEMTest" time="0.062"/>
  <testcase name="testAllKEMs{String}[54]" classname="org.openquantumsafe.KEMTest" time="0.018"/>
  <testcase name="testAllKEMs{String}[55]" classname="org.openquantumsafe.KEMTest" time="0.134"/>
  <testcase name="testAllKEMs{String}[56]" classname="org.openquantumsafe.KEMTest" time="0.051"/>
  <testcase name="testAllKEMs{String}[57]" classname="org.openquantumsafe.KEMTest" time="0.073"/>
  <testcase name="testAllKEMs{String}[58]" classname="org.openquantumsafe.KEMTest" time="0.03"/>
  <testcase name="testAllKEMs{String}[59]" classname="org.openquantumsafe.KEMTest" time="0.178"/>
  <testcase name="testAllKEMs{String}[60]" classname="org.openquantumsafe.KEMTest" time="0.068"/>
  <testcase name="testAllKEMs{String}[1]" classname="org.openquantumsafe.KEMTest" time="0.004"/>
</testsuite>