<?xml version="1.0" encoding="UTF-8"?>
<testsuite xmlns:xsi="http://www.w3.org/2001/XMLSchema-instance" xsi:noNamespaceSchemaLocation="https://maven.apache.org/surefire/maven-surefire-plugin/xsd/surefire-test-report.xsd" name="org.openquantumsafe.SigTest" time="36.468" tests="66" errors="0" skipped="0" failures="0">
  <properties>
[...]
</properties>
  <testcase name="testUnsupportedSigExpectedException" classname="org.openquantumsafe.SigTest" time="0.024"/>
  <testcase name="testAllSigs{String}[2]" classname="org.openquantumsafe.SigTest" time="0.05"/>
  <testcase name="testAllSigs{String}[3]" classname="org.openquantumsafe.SigTest" time="0.007"/>
  <testcase name="testAllSigs{String}[4]" classname="org.openquantumsafe.SigTest" time="0.004"/>
  <testcase name="testAllSigs{String}[5]" classname="org.openquantumsafe.SigTest" time="0.007"/>
  <testcase name="testAllSigs{String}[6]" classname="org.openquantumsafe.SigTest" time="0.011"/>
  <testcase name="testAllSigs{String}[7]" classname="org.openquantumsafe.SigTest" time="0.028"/>
  <testcase name="testAllSigs{String}[8]" classname="org.openquantumsafe.SigTest" time="0.042"/>
  <testcase name="testAllSigs{String}[9]" classname="org.openquantumsafe.SigTest" time="0.136"/>
  <testcase name="testAllSigs{String}[10]" classname="org.openquantumsafe.SigTest" time="0.161"/>
  <testcase name="testAllSigs{String}[11]" classname="org.openquantumsafe.SigTest" time="0.199"/>
  <testcase name="testAllSigs{String}[12]" classname="org.openquantumsafe.SigTest" time="1.576"/>
  <testcase name="testAllSigs{String}[13]" classname="org.openquantumsafe.SigTest" time="1.79"/>
  <testcase name="testAllSigs{String}[14]" classname="org.openquantumsafe.SigTest" time="2.606"/>
  <testcase name="testAllSigs{String}[15]" classname="org.openquantumsafe.SigTest" time="4.331"/>
  <testcase name="testAllSigs{String}[16]" classname="org.openquantumsafe.SigTest" time="5.207"/>
  <testcase name="testAllSigs{String}[17]" classname="org.openquantumsafe.SigTest" time="7.509"/>
  <testcase name="testAllSigs{String}[18]" classname="org.openquantumsafe.SigTest" time="0.007"/>
  <testcase name="testAllSigs{String}[19]" classname="org.openquantumsafe.SigTest" time="0.01"/>
  <testcase name="testAllSigs{String}[20]" classname="org.openquantumsafe.SigTest" time="0.172"/>
  <testcase name="testAllSigs{String}[21]" classname="org.openquantumsafe.SigTest" time="0.131"/>
  <testcase name="testAllSigs{String}[22]" classname="org.openquantumsafe.SigTest" time="0.018"/>
  <testcase name="testAllSigs{String}[23]" classname="org.openquantumsafe.SigTest" time="0.017"/>
  <testcase name="testAllSigs{String}[24]" classname="org.openquantumsafe.SigTest" time="0.286"/>
  <testcase name="testAllSigs{String}[25]" classname="org.openquantumsafe.SigTest" time="0.255"/>
  <testcase name="testAllSigs{String}[26]" classname="org.openquantumsafe.SigTest" time="0.025"/>
  <testcase name="testAllSigs{String}[27]" classname="org.openquantumsafe.SigTest" time="0.023"/>
  <testcase name="testAllSigs{String}[28]" classname="org.openquantumsafe.SigTest" time="0.239"/>
  <testcase name="testAllSigs{String}[29]" classname="org.openquantumsafe.SigTest" time="0.203"/>
  <testcase name="testAllSigs{String}[30]" classname="org.openquantumsafe.SigTest" time="0.036"/>
  <testcase name="testAllSigs{String}[31]" classname="org.openquantumsafe.SigTest" time="0.024"/>
  <testcase name="testAllSigs{String}[32]" classname="org.openquantumsafe.SigTest" time="0.464"/>
  <testcase name="testAllSigs{String}[33]" classname="org.openquantumsafe.SigTest" time="0.29"/>
  <testcase name="testAllSigs{String}[34]" classname="org.openquantumsafe.SigTest" time="0.052"/>
  <testcase name="testAllSigs{String}[35]" classname="org.openquantumsafe.SigTest" time="0.031"/>
  <testcase name="testAllSigs{String}[36]" classname="org.openquantumsafe.SigTest" time="0.83"/>
  <testcase name="testAllSigs{String}[37]" classname="org.openquantumsafe.SigTest" time="0.498"/>
  <testcase name="testAllSigs{String}[38]" classname="org.openquantumsafe.SigTest" time="0.139"/>
  <testcase name="testAllSigs{String}[39]" classname="org.openquantumsafe.SigTest" time="0.055"/>
  <testcase name="testAllSigs{String}[40]" classname="org.openquantumsafe.SigTest" time="1.415"/>
  <testcase name="testAllSigs{String}[41]" classname="org.openquantumsafe.SigTest" time="0.41"/>
  <testcase name="testAllSigs{String}[42]" classname="org.openquantumsafe.SigTest" time="0.057"/>
  <testcase name="testAllSigs{String}[43]" classname="org.openquantumsafe.SigTest" time="0.043"/>
  <testcase name="testAllSigs{String}[44]" classname="org.openquantumsafe.SigTest" time="0.917"/>
  <testcase name="testAllSigs{String}[45]" classname="org.openquantumsafe.SigTest" time="0.5"/>
  <testcase name="testAllSigs{String}[46]" classname="org.openquantumsafe.SigTest" time="0.084"/>
  <testcase name="testAllSigs{String}[47]" classname="org.openquantumsafe.SigTest" time="0.055"/>
  <testcase name="testAllSigs{String}[48]" classname="org.openquantumsafe.SigTest" time="1.487"/>
  <testcase name="testAllSigs{String}[49]" classname="org.openquantumsafe.SigTest" time="0.902"/>
  <testcase name="testAllSigs{String}[50]" classname="org.openquantumsafe.SigTest" time="0.16"/>
  <testcase name="testAllSigs{String}[51]" classname="org.openquantumsafe.SigTest" time="0.099"/>
  <testcase name="testAllSigs{String}[52]" classname="org.openquantumsafe.SigTest" time="1.411"/>
  <testcase name="testAllSigs{String}[53]" classname="org.openquantumsafe.SigTest" time="0.799"/>
  <testcase name="testAllSigs{String}[54]" classname="org.openquantumsafe.SigTest" time="0.034"/>
  <testcase name="testAllSigs{String}[55]" classname="org.openquantumsafe.SigTest" time="0.006"/>
  <testcase name="testAllSigs{String}[56]" classname="org.openquantumsafe.SigTest" time="0.005"/>
  <testcase name="testAllSigs{String}[57]" classname="org.openquantumsafe.SigTest" time="0.03"/>
  <testcase name="testAllSigs{String}[58]" classname="org.openquantumsafe.SigTest" time="0.023"/>
  <testcase name="testAllSigs{String}[59]" classname="org.openquantumsafe.SigTest" time="0.016"/>
  <testcase name="testAllSigs{String}[60]" classname="org.openquantumsafe.SigTest" time="0.032"/>
  <testcase name="testAllSigs{String}[61]" classname="org.openquantumsafe.SigTest" time="0.038"/>
  <testcase name="testAllSigs{String}[62]" classname="org.openquantumsafe.SigTest" time="0.017"/>
  <testcase name="testAllSigs{String}[63]" classname="org.openquantumsafe.SigTest" time="0.033"/>
  <testcase name="testAllSigs{String}[64]" classname="org.openquantumsafe.SigTest" time="0.055"/>
  <testcase name="testAllSigs{String}[65]" classname="org.openquantumsafe.SigTest" time="0.052"/>
  <testcase name="testAllSigs{String}[1]" classname="org.openquantumsafe.SigTest" time="0.003"/>
</testsuite>