<?xml version="1.0" encoding="UTF-8"?>
<testsuite xmlns:xsi="http://www.w3.org/2001/XMLSchema-instance" xsi:noNamespaceSchemaLocation="https://maven.apache.org/surefire/maven-surefire-plugin/xsd/surefire-test-report.xsd" name="org.openquantumsafe.SigTest" time="0.002" tests="1" errors="1" skipped="0" failures="0">
  <properties>
[...]
</properties>
  <testcase name="org.openquantumsafe.SigTest" classname="org.openquantumsafe.SigTest" time="0.002">
    <error message="/tmp/oqs-native-lib4075135974757921489/liboqs-jni.so: liboqs.so.0: cannot open shared object file: No such file or directory" type="java.lang.UnsatisfiedLinkError">java.lang.UnsatisfiedLinkError: /tmp/oqs-native-lib4075135974757921489/liboqs-jni.so: liboqs.so.0: cannot open shared object file: No such file or directory
	at org.openquantumsafe.SigTest.init(SigTest.java:24)
</error>
    <system-out><![CDATA[Initialize list of enabled Signatures
]]></system-out>
  </testcase>
</testsuite>